[debug] [2018-09-20T10:50:45.128Z] ----------------------------------------------------------------------
[debug] [2018-09-20T10:50:45.130Z] Command:       /usr/local/Cellar/node/10.9.0/bin/node /usr/local/bin/firebase deploy
[debug] [2018-09-20T10:50:45.130Z] CLI Version:   4.2.1
[debug] [2018-09-20T10:50:45.130Z] Platform:      darwin
[debug] [2018-09-20T10:50:45.130Z] Node Version:  v10.9.0
[debug] [2018-09-20T10:50:45.131Z] Time:          Thu Sep 20 2018 16:50:45 GMT+0600 (Bangladesh Standard Time)
[debug] [2018-09-20T10:50:45.131Z] ----------------------------------------------------------------------
[debug] 
[debug] [2018-09-20T10:50:45.144Z] > command requires scopes: ["email","openid","https://www.googleapis.com/auth/cloudplatformprojects.readonly","https://www.googleapis.com/auth/firebase","https://www.googleapis.com/auth/cloud-platform"]
[debug] [2018-09-20T10:50:45.144Z] > authorizing via signed-in user
[debug] [2018-09-20T10:50:45.146Z] > refreshing access token with scopes: ["email","https://www.googleapis.com/auth/cloud-platform","https://www.googleapis.com/auth/cloudplatformprojects.readonly","https://www.googleapis.com/auth/firebase","openid"]
[debug] [2018-09-20T10:50:45.146Z] >>> HTTP REQUEST POST https://www.googleapis.com/oauth2/v3/token  

[debug] [2018-09-20T10:50:45.660Z] <<< HTTP RESPONSE 200
[debug] [2018-09-20T10:50:45.677Z] >>> HTTP REQUEST GET https://admin.firebase.com/v1/projects/angular-with-jsonplaceholder  
 
[debug] [2018-09-20T10:50:48.073Z] <<< HTTP RESPONSE 200
[info] 
[info] === Deploying to 'angular-with-jsonplaceholder'...
[info] 
[info] i  deploying hosting
[debug] [2018-09-20T10:50:48.076Z] >>> HTTP REQUEST POST https://firebasehosting.googleapis.com/v1beta1/sites/angular-with-jsonplaceholder/versions  

